0 info it worked if it ends with ok
1 verbose cli [ 'C:\\Program Files\\nodejs\\node.exe',
1 verbose cli   'C:\\Program Files\\nodejs\\node_modules\\npm\\bin\\npm-cli.js',
1 verbose cli   'start' ]
2 info using npm@3.3.12
3 info using node@v5.5.0
4 verbose run-script [ 'prestart', 'start', 'poststart' ]
5 info lifecycle angular2app@1.0.0~prestart: angular2app@1.0.0
6 silly lifecycle angular2app@1.0.0~prestart: no script for prestart, continuing
7 info lifecycle angular2app@1.0.0~start: angular2app@1.0.0
8 verbose lifecycle angular2app@1.0.0~start: unsafe-perm in lifecycle true
9 verbose lifecycle angular2app@1.0.0~start: PATH: C:\Program Files\nodejs\node_modules\npm\bin\node-gyp-bin;c:\Users\IGBAW\Documents\GitHub\Angular2App\node_modules\.bin;C:\Users\IGBAW\AppData\Local\Chromium\Application;c:\program files\graphicsmagick-1.3.21-q16;C:\Program Files\ImageMagick-6.9.2-Q16;C:\WINDOWS\system32;C:\WINDOWS;C:\WINDOWS\System32\Wbem;C:\WINDOWS\System32\WindowsPowerShell\v1.0\;C:\Program Files\Microsoft SQL Server\110\Tools\Binn\;C:\Program Files\Microsoft SQL Server\120\Tools\Binn\;C:\Program Files (x86)\Windows Kits\10\Windows Performance Toolkit\;C:\Program Files (x86)\NVIDIA Corporation\PhysX\Common;C:\WINDOWS\system32;C:\WINDOWS;C:\WINDOWS\System32\Wbem;C:\WINDOWS\System32\WindowsPowerShell\v1.0\;C:\Program Files (x86)\Skype\Phone\;C:\Program Files\Microsoft\Web Platform Installer\;C:\Program Files\nodejs\;C:\RailsInstaller\Git\cmd;C:\RailsInstaller\Ruby2.1.0\bin;C:\Users\IGBAW\.dnx\runtimes\dnx-clr-win-x86.1.0.0-beta7\bin;C:\Users\IGBAW\.dnx\bin;C:\Users\IGBAW\AppData\Local\.meteor\;C:\Users\IGBAW\AppData\Roaming\npm
10 verbose lifecycle angular2app@1.0.0~start: CWD: c:\Users\IGBAW\Documents\GitHub\Angular2App
11 silly lifecycle angular2app@1.0.0~start: Args: [ '/d /s /c', 'concurrent "npm run lite" ' ]
12 silly lifecycle angular2app@1.0.0~start: Returned: code: 1  signal: null
13 info lifecycle angular2app@1.0.0~start: Failed to exec start script
14 verbose stack Error: angular2app@1.0.0 start: `concurrent "npm run lite" `
14 verbose stack Exit status 1
14 verbose stack     at EventEmitter.<anonymous> (C:\Program Files\nodejs\node_modules\npm\lib\utils\lifecycle.js:232:16)
14 verbose stack     at emitTwo (events.js:100:13)
14 verbose stack     at EventEmitter.emit (events.js:185:7)
14 verbose stack     at ChildProcess.<anonymous> (C:\Program Files\nodejs\node_modules\npm\lib\utils\spawn.js:24:14)
14 verbose stack     at emitTwo (events.js:100:13)
14 verbose stack     at ChildProcess.emit (events.js:185:7)
14 verbose stack     at maybeClose (internal/child_process.js:821:16)
14 verbose stack     at Process.ChildProcess._handle.onexit (internal/child_process.js:211:5)
15 verbose pkgid angular2app@1.0.0
16 verbose cwd c:\Users\IGBAW\Documents\GitHub\Angular2App
17 error Windows_NT 10.0.10586
18 error argv "C:\\Program Files\\nodejs\\node.exe" "C:\\Program Files\\nodejs\\node_modules\\npm\\bin\\npm-cli.js" "start"
19 error node v5.5.0
20 error npm  v3.3.12
21 error code ELIFECYCLE
22 error angular2app@1.0.0 start: `concurrent "npm run lite" `
22 error Exit status 1
23 error Failed at the angular2app@1.0.0 start script 'concurrent "npm run lite" '.
23 error Make sure you have the latest version of node.js and npm installed.
23 error If you do, this is most likely a problem with the angular2app package,
23 error not with npm itself.
23 error Tell the author that this fails on your system:
23 error     concurrent "npm run lite"
23 error You can get their info via:
23 error     npm owner ls angular2app
23 error There is likely additional logging output above.
24 verbose exit [ 1, true ]
